0 silly argv { _: [ 'version' ], lernaVersion: '4.0.0', '$0': 'lerna' }
1 notice cli v4.0.0
2 verbose rootPath /Users/haochangdi/Desktop/hcd-cli
3 info current version 0.0.0
4 silly isAnythingCommitted
5 verbose isAnythingCommitted 1
6 silly getCurrentBranch
7 verbose currentBranch main
8 silly remoteBranchExists
9 silly isBehindUpstream
10 silly isBehindUpstream main is behind origin/main by 0 commit(s) and ahead by 0
11 silly hasTags
12 verbose hasTags false
13 info Assuming all packages changed
14 verbose updated @hcd-cli/core
15 verbose updated @hcd-cli/utils
16 verbose git-describe undefined => "acd0ff5"
17 silly git-describe parsed => {"refCount":"2","sha":"acd0ff5","isDirty":false}
18 info execute Skipping releases
19 silly lifecycle No script for "preversion" in "hcd-cli", continuing
20 silly lifecycle No script for "preversion" in "@hcd-cli/utils", continuing
21 silly lifecycle No script for "version" in "@hcd-cli/utils", continuing
22 silly lifecycle No script for "preversion" in "@hcd-cli/core", continuing
23 silly lifecycle No script for "version" in "@hcd-cli/core", continuing
24 silly lifecycle No script for "version" in "hcd-cli", continuing
25 silly gitAdd [
25 silly gitAdd   'packages/utils/package.json',
25 silly gitAdd   'packages/utils/package-lock.json',
25 silly gitAdd   'packages/core/package.json',
25 silly gitAdd   'packages/core/package-lock.json',
25 silly gitAdd   'lerna.json'
25 silly gitAdd ]
26 error Error: Command failed with exit code 1: git add -- packages/utils/package.json packages/utils/package-lock.json packages/core/package.json packages/core/package-lock.json lerna.json
26 error The following paths are ignored by one of your .gitignore files:
26 error packages/core/package-lock.json
26 error packages/utils/package-lock.json
26 error Use -f if you really want to add them.
26 error     at makeError (/Users/haochangdi/Desktop/hcd-cli/node_modules/execa/lib/error.js:60:11)
26 error     at handlePromise (/Users/haochangdi/Desktop/hcd-cli/node_modules/execa/index.js:118:26)
26 error     at processTicksAndRejections (internal/process/task_queues.js:97:5)
26 error     at async Promise.all (index 0)
